<?xml version="1.0" encoding="UTF-8"?>
<!-- Generated by org.testng.reporters.JUnitReportReporter -->
<testsuite skipped="0" hostname="madhu" name="testng2.TestNG_3" tests="3" failures="0" timestamp="21 Jul 2018 05:36:48 GMT" time="0.008" errors="0">
  <testcase name="LoginAPICarLoan_2" time="0.002" classname="testng2.TestNG_3"/>
  <testcase name="WebLoginCarLoan_2" time="0.004" classname="testng2.TestNG_3"/>
  <testcase name="MobileLoginCarLoan_2" time="0.002" classname="testng2.TestNG_3"/>
</testsuite> <!-- testng2.TestNG_3 -->
