<?xml version="1.0" encoding="UTF-8"?>
<!-- Generated by org.testng.reporters.JUnitReportReporter -->
<testsuite skipped="0" hostname="madhu" name="java_practice.TestClass" tests="1" failures="0" timestamp="22 Jul 2018 19:52:54 GMT" time="0.019" errors="0">
  <testcase name="TestMethod" time="0.019" classname="java_practice.TestClass"/>
</testsuite> <!-- java_practice.TestClass -->
