<?xml version="1.0" encoding="UTF-8"?>
<!-- Generated by org.testng.reporters.JUnitReportReporter -->
<testsuite skipped="0" hostname="madhu" name="testng.TestNG_3" tests="2" failures="0" timestamp="22 Jul 2018 13:45:41 GMT" time="0.018" errors="0">
  <testcase name="NewCarLoan" time="0.016" classname="testng.TestNG_3"/>
  <testcase name="NewCarLoan" time="0.002" classname="testng.TestNG_3"/>
</testsuite> <!-- testng.TestNG_3 -->
