<?xml version="1.0" encoding="UTF-8"?>
<!-- Generated by org.testng.reporters.JUnitReportReporter -->
<testsuite skipped="0" hostname="madhu" name="testng2.TestNG_4" tests="6" failures="0" timestamp="21 Jul 2018 05:36:48 GMT" time="0.019" errors="0">
  <testcase name="WebSignInHomeLoan_2" time="0.002" classname="testng2.TestNG_4"/>
  <testcase name="MobileLoginHomeLoan_2" time="0.003" classname="testng2.TestNG_4"/>
  <testcase name="LoginAPIHomeLoan" time="0.003" classname="testng2.TestNG_4"/>
  <testcase name="WebSignOutHomeLoan_2" time="0.003" classname="testng2.TestNG_4"/>
  <testcase name="WebLoginHomeLoan_2" time="0.002" classname="testng2.TestNG_4"/>
  <testcase name="WebLogoutHomeLoan_2" time="0.006" classname="testng2.TestNG_4"/>
</testsuite> <!-- testng2.TestNG_4 -->
