<?xml version="1.0" encoding="UTF-8"?>
<!-- Generated by org.testng.reporters.JUnitReportReporter -->
<testsuite skipped="0" hostname="madhu" name="testng2.TestNG_2" tests="2" failures="0" timestamp="21 Jul 2018 05:36:48 GMT" time="0.014" errors="0">
  <testcase name="demo2_2" time="0.001" classname="testng2.TestNG_2"/>
  <testcase name="demo_2" time="0.013" classname="testng2.TestNG_2"/>
</testsuite> <!-- testng2.TestNG_2 -->
