<?xml version="1.0" encoding="UTF-8"?>
<!-- Generated by org.testng.reporters.JUnitReportReporter -->
<testsuite skipped="0" hostname="madhu" name="testng.TestNG_2" tests="4" failures="0" timestamp="21 Jul 2018 08:39:06 GMT" time="0.043" errors="0">
  <testcase name="demo2" time="0.002" classname="testng.TestNG_2"/>
  <testcase name="demo" time="0.025" classname="testng.TestNG_2"/>
  <testcase name="demo2" time="0.015" classname="testng.TestNG_2"/>
  <testcase name="demo" time="0.001" classname="testng.TestNG_2"/>
</testsuite> <!-- testng.TestNG_2 -->
