<?xml version="1.0" encoding="UTF-8"?>
<!-- Generated by org.testng.reporters.JUnitReportReporter -->
<testsuite hostname="LAPTOP-V7IFHJLN" failures="0" tests="3" name="automation_testing.TestClass" time="7.325" errors="0" timestamp="2021-07-28T20:38:06 IST" skipped="0">
  <testcase classname="automation_testing.TestClass" name="login" time="2.346"/>
  <system-out/>
  <testcase classname="automation_testing.TestClass" name="createProject" time="1.933"/>
  <system-out/>
  <testcase classname="automation_testing.TestClass" name="newSimulation" time="3.046"/>
  <system-out/>
</testsuite> <!-- automation_testing.TestClass -->
