<?xml version="1.0" encoding="UTF-8"?>
<!-- Generated by org.testng.reporters.JUnitReportReporter -->
<testsuite skipped="0" hostname="madhu" name="testng.TestNG_1" tests="2" failures="0" timestamp="21 Jul 2018 08:39:06 GMT" time="0.005" errors="0">
  <testcase name="demo2" time="0.003" classname="testng.TestNG_1"/>
  <testcase name="demo" time="0.002" classname="testng.TestNG_1"/>
</testsuite> <!-- testng.TestNG_1 -->
