<?xml version="1.0" encoding="UTF-8"?>
<!-- Generated by org.testng.reporters.JUnitReportReporter -->
<testsuite hostname="LAPTOP-V7IFHJLN" failures="0" tests="3" name="sample_ramya.TestClass" time="5.851" errors="0" timestamp="2021-07-28T19:17:17 IST" skipped="0">
  <testcase classname="sample_ramya.TestClass" name="login" time="1.773"/>
  <system-out/>
  <testcase classname="sample_ramya.TestClass" name="createProject" time="1.289"/>
  <system-out/>
  <testcase classname="sample_ramya.TestClass" name="newSimulation" time="2.789"/>
  <system-out/>
</testsuite> <!-- sample_ramya.TestClass -->
